2025-12-19 12:44:39:4439 [INFO]: Application starting
  Meta: {
  "nodeEnv": "development",
  "nodeVersion": "v22.14.0",
  "platform": "win32"
}
2025-12-19 12:44:39:4439 [INFO]: Server started
  Meta: {
  "port": "5000",
  "environment": "development",
  "pid": 508
}
2025-12-19 12:44:39:4439 [INFO]: MongoDB connected successfully
  Meta: {
  "component": "Database",
  "host": "localhost",
  "dbName": "greenroute"
}
2025-12-19 12:44:42:4442 [DEBUG] [ReqID: 7a1ff0dd-3847-461d-ae00-de7c3e587eb2] GET /api/auth/current_user: Request received
  Meta: {
  "ip": "::1",
  "userAgent": "Mozilla/5.0 (Windows NT 10.0; Win64; x64) AppleWebKit/537.36 (KHTML, like Gecko) Chrome/143.0.0.0 Safari/537.36"
}
2025-12-19 12:44:42:4442 [HTTP] [ReqID: 7a1ff0dd-3847-461d-ae00-de7c3e587eb2] GET /api/auth/current_user - Status: 200 - 10ms: HTTP Request
  Meta: {
  "ip": "::1",
  "userAgent": "Mozilla/5.0 (Windows NT 10.0; Win64; x64) AppleWebKit/537.36 (KHTML, like Gecko) Chrome/143.0.0.0 Safari/537.36"
}
2025-12-19 12:44:42:4442 [DEBUG] GET /api/auth/current_user - Status: 200: Performance: GET-/api/auth/current_user-7a1ff0dd-3847-461d-ae00-de7c3e587eb2
  Meta: {
  "duration": 14,
  "memoryUsed": "0.43MB",
  "component": "Performance"
}
2025-12-19 12:44:42:4442 [DEBUG] [ReqID: dc5cf24a-3c33-44b3-8a85-5830ac211548] GET /api/auth/current_user: Request received
  Meta: {
  "ip": "::1",
  "userAgent": "Mozilla/5.0 (Windows NT 10.0; Win64; x64) AppleWebKit/537.36 (KHTML, like Gecko) Chrome/143.0.0.0 Safari/537.36"
}
2025-12-19 12:44:42:4442 [HTTP] [ReqID: dc5cf24a-3c33-44b3-8a85-5830ac211548] GET /api/auth/current_user - Status: 304 - 2ms: HTTP Request
  Meta: {
  "ip": "::1",
  "userAgent": "Mozilla/5.0 (Windows NT 10.0; Win64; x64) AppleWebKit/537.36 (KHTML, like Gecko) Chrome/143.0.0.0 Safari/537.36"
}
2025-12-19 12:44:42:4442 [DEBUG] GET /api/auth/current_user - Status: 304: Performance: GET-/api/auth/current_user-dc5cf24a-3c33-44b3-8a85-5830ac211548
  Meta: {
  "duration": 3,
  "memoryUsed": "0.20MB",
  "component": "Performance"
}
2025-12-19 12:44:44:4444 [DEBUG] [ReqID: b0fe3484-8a30-4bf8-a638-7957cab37171] GET /api/auth/google: Request received
  Meta: {
  "ip": "::1",
  "userAgent": "Mozilla/5.0 (Windows NT 10.0; Win64; x64) AppleWebKit/537.36 (KHTML, like Gecko) Chrome/143.0.0.0 Safari/537.36"
}
2025-12-19 12:44:44:4444 [HTTP] [ReqID: b0fe3484-8a30-4bf8-a638-7957cab37171] GET /api/auth/google - Status: 302 - 2ms: HTTP Request
  Meta: {
  "ip": "::1",
  "userAgent": "Mozilla/5.0 (Windows NT 10.0; Win64; x64) AppleWebKit/537.36 (KHTML, like Gecko) Chrome/143.0.0.0 Safari/537.36"
}
2025-12-19 12:44:44:4444 [DEBUG] GET /api/auth/google - Status: 302: Performance: GET-/api/auth/google-b0fe3484-8a30-4bf8-a638-7957cab37171
  Meta: {
  "duration": 3,
  "memoryUsed": "0.20MB",
  "component": "Performance"
}
2025-12-19 12:44:47:4447 [DEBUG] [ReqID: 1382bbfe-8d2d-4dc0-87a3-70bd61c40147] GET /api/auth/google/callback?code=4%2F0ATX87lM5sNAigMkFrLga3y00wmTIiPKRcnZ5BQCeCNIuXwkQgN84bzVYhyNH-1p7s7jCWg&scope=email+profile+https%3A%2F%2Fwww.googleapis.com%2Fauth%2Fuserinfo.profile+https%3A%2F%2Fwww.googleapis.com%2Fauth%2Fuserinfo.email+openid&authuser=0&prompt=none: Request received
  Meta: {
  "ip": "::1",
  "userAgent": "Mozilla/5.0 (Windows NT 10.0; Win64; x64) AppleWebKit/537.36 (KHTML, like Gecko) Chrome/143.0.0.0 Safari/537.36"
}
2025-12-19 12:44:47:4447 [WARN]: High memory usage detected
  Meta: {
  "heapUsed": "26.17MB",
  "heapTotal": "30.07MB",
  "percentage": "87.03%"
}
2025-12-19 12:44:48:4448 [HTTP] [ReqID: 1382bbfe-8d2d-4dc0-87a3-70bd61c40147] [User: 68961b4fc7e5c3023e040ae7] GET /api/auth/google/callback?code=4%2F0ATX87lM5sNAigMkFrLga3y00wmTIiPKRcnZ5BQCeCNIuXwkQgN84bzVYhyNH-1p7s7jCWg&scope=email+profile+https%3A%2F%2Fwww.googleapis.com%2Fauth%2Fuserinfo.profile+https%3A%2F%2Fwww.googleapis.com%2Fauth%2Fuserinfo.email+openid&authuser=0&prompt=none - Status: 302 - 644ms: HTTP Request
  Meta: {
  "ip": "::1",
  "userAgent": "Mozilla/5.0 (Windows NT 10.0; Win64; x64) AppleWebKit/537.36 (KHTML, like Gecko) Chrome/143.0.0.0 Safari/537.36"
}
2025-12-19 12:44:48:4448 [DEBUG] GET /api/auth/google/callback?code=4%2F0ATX87lM5sNAigMkFrLga3y00wmTIiPKRcnZ5BQCeCNIuXwkQgN84bzVYhyNH-1p7s7jCWg&scope=email+profile+https%3A%2F%2Fwww.googleapis.com%2Fauth%2Fuserinfo.profile+https%3A%2F%2Fwww.googleapis.com%2Fauth%2Fuserinfo.email+openid&authuser=0&prompt=none - Status: 302: Performance: GET-/api/auth/google/callback?code=4%2F0ATX87lM5sNAigMkFrLga3y00wmTIiPKRcnZ5BQCeCNIuXwkQgN84bzVYhyNH-1p7s7jCWg&scope=email+profile+https%3A%2F%2Fwww.googleapis.com%2Fauth%2Fuserinfo.profile+https%3A%2F%2Fwww.googleapis.com%2Fauth%2Fuserinfo.email+openid&authuser=0&prompt=none-1382bbfe-8d2d-4dc0-87a3-70bd61c40147
  Meta: {
  "duration": 646,
  "memoryUsed": "1.12MB",
  "component": "Performance"
}
2025-12-19 12:44:48:4448 [DEBUG] [ReqID: ba9b1ad7-8bce-44da-90e2-aa7105e420f1] GET /api/auth/current_user: Request received
  Meta: {
  "ip": "::1",
  "userAgent": "Mozilla/5.0 (Windows NT 10.0; Win64; x64) AppleWebKit/537.36 (KHTML, like Gecko) Chrome/143.0.0.0 Safari/537.36"
}
2025-12-19 12:44:48:4448 [WARN]: High memory usage detected
  Meta: {
  "heapUsed": "27.37MB",
  "heapTotal": "29.82MB",
  "percentage": "91.78%"
}
2025-12-19 12:44:48:4448 [HTTP] [ReqID: ba9b1ad7-8bce-44da-90e2-aa7105e420f1] [User: 68961b4fc7e5c3023e040ae7] GET /api/auth/current_user - Status: 200 - 26ms: HTTP Request
  Meta: {
  "ip": "::1",
  "userAgent": "Mozilla/5.0 (Windows NT 10.0; Win64; x64) AppleWebKit/537.36 (KHTML, like Gecko) Chrome/143.0.0.0 Safari/537.36"
}
2025-12-19 12:44:48:4448 [DEBUG] GET /api/auth/current_user - Status: 200: Performance: GET-/api/auth/current_user-ba9b1ad7-8bce-44da-90e2-aa7105e420f1
  Meta: {
  "duration": 28,
  "memoryUsed": "-0.23MB",
  "component": "Performance"
}
2025-12-19 12:44:48:4448 [DEBUG] [ReqID: 72074b34-5d82-46f7-b918-f16292d38598] GET /api/auth/current_user: Request received
  Meta: {
  "ip": "::1",
  "userAgent": "Mozilla/5.0 (Windows NT 10.0; Win64; x64) AppleWebKit/537.36 (KHTML, like Gecko) Chrome/143.0.0.0 Safari/537.36"
}
2025-12-19 12:44:48:4448 [WARN]: High memory usage detected
  Meta: {
  "heapUsed": "27.17MB",
  "heapTotal": "31.07MB",
  "percentage": "87.45%"
}
2025-12-19 12:44:48:4448 [HTTP] [ReqID: 72074b34-5d82-46f7-b918-f16292d38598] [User: 68961b4fc7e5c3023e040ae7] GET /api/auth/current_user - Status: 304 - 7ms: HTTP Request
  Meta: {
  "ip": "::1",
  "userAgent": "Mozilla/5.0 (Windows NT 10.0; Win64; x64) AppleWebKit/537.36 (KHTML, like Gecko) Chrome/143.0.0.0 Safari/537.36"
}
2025-12-19 12:44:48:4448 [DEBUG] GET /api/auth/current_user - Status: 304: Performance: GET-/api/auth/current_user-72074b34-5d82-46f7-b918-f16292d38598
  Meta: {
  "duration": 8,
  "memoryUsed": "0.41MB",
  "component": "Performance"
}
2025-12-19 12:44:48:4448 [DEBUG] [ReqID: ebf7db94-1545-4763-8791-7a97c5a33212] GET /api/history: Request received
  Meta: {
  "ip": "::1",
  "userAgent": "Mozilla/5.0 (Windows NT 10.0; Win64; x64) AppleWebKit/537.36 (KHTML, like Gecko) Chrome/143.0.0.0 Safari/537.36"
}
2025-12-19 12:44:48:4448 [WARN]: High memory usage detected
  Meta: {
  "heapUsed": "27.65MB",
  "heapTotal": "31.07MB",
  "percentage": "88.98%"
}
2025-12-19 12:44:48:4448 [DEBUG] [ReqID: 01766e41-6443-4d30-80b3-23d6817d1b14] GET /api/weather?lat=28.6139&lon=77.209: Request received
  Meta: {
  "ip": "::1",
  "userAgent": "Mozilla/5.0 (Windows NT 10.0; Win64; x64) AppleWebKit/537.36 (KHTML, like Gecko) Chrome/143.0.0.0 Safari/537.36"
}
2025-12-19 12:44:48:4448 [WARN]: High memory usage detected
  Meta: {
  "heapUsed": "27.80MB",
  "heapTotal": "31.07MB",
  "percentage": "89.47%"
}
2025-12-19 12:44:48:4448 [DEBUG] [ReqID: ebf7db94-1545-4763-8791-7a97c5a33212] [User: 68961b4fc7e5c3023e040ae7]: Fetching trip history
2025-12-19 12:44:48:4448 [INFO] [ReqID: ebf7db94-1545-4763-8791-7a97c5a33212] [User: 68961b4fc7e5c3023e040ae7]: Trip history fetched
  Meta: {
  "tripCount": 0
}
2025-12-19 12:44:48:4448 [HTTP] [ReqID: ebf7db94-1545-4763-8791-7a97c5a33212] [User: 68961b4fc7e5c3023e040ae7] GET /api/history - Status: 200 - 13ms: HTTP Request
  Meta: {
  "ip": "::1",
  "userAgent": "Mozilla/5.0 (Windows NT 10.0; Win64; x64) AppleWebKit/537.36 (KHTML, like Gecko) Chrome/143.0.0.0 Safari/537.36"
}
2025-12-19 12:44:48:4448 [DEBUG] GET /api/history - Status: 200: Performance: GET-/api/history-ebf7db94-1545-4763-8791-7a97c5a33212
  Meta: {
  "duration": 15,
  "memoryUsed": "0.08MB",
  "component": "Performance"
}
2025-12-19 12:44:48:4448 [DEBUG] [ReqID: 72e5ee6a-d8dc-4a07-b0c4-0e16557878f4] GET /api/history: Request received
  Meta: {
  "ip": "::1",
  "userAgent": "Mozilla/5.0 (Windows NT 10.0; Win64; x64) AppleWebKit/537.36 (KHTML, like Gecko) Chrome/143.0.0.0 Safari/537.36"
}
2025-12-19 12:44:48:4448 [WARN]: High memory usage detected
  Meta: {
  "heapUsed": "27.85MB",
  "heapTotal": "31.32MB",
  "percentage": "88.92%"
}
2025-12-19 12:44:48:4448 [DEBUG] [ReqID: 8606938b-b18b-4283-8b2c-2851729f32f1] GET /api/preferences: Request received
  Meta: {
  "ip": "::1",
  "userAgent": "Mozilla/5.0 (Windows NT 10.0; Win64; x64) AppleWebKit/537.36 (KHTML, like Gecko) Chrome/143.0.0.0 Safari/537.36"
}
2025-12-19 12:44:48:4448 [WARN]: High memory usage detected
  Meta: {
  "heapUsed": "27.62MB",
  "heapTotal": "31.57MB",
  "percentage": "87.47%"
}
2025-12-19 12:44:48:4448 [DEBUG] [ReqID: 72e5ee6a-d8dc-4a07-b0c4-0e16557878f4] [User: 68961b4fc7e5c3023e040ae7]: Fetching trip history
2025-12-19 12:44:48:4448 [INFO] [ReqID: 72e5ee6a-d8dc-4a07-b0c4-0e16557878f4] [User: 68961b4fc7e5c3023e040ae7]: Trip history fetched
  Meta: {
  "tripCount": 0
}
2025-12-19 12:44:48:4448 [HTTP] [ReqID: 72e5ee6a-d8dc-4a07-b0c4-0e16557878f4] [User: 68961b4fc7e5c3023e040ae7] GET /api/history - Status: 304 - 21ms: HTTP Request
  Meta: {
  "ip": "::1",
  "userAgent": "Mozilla/5.0 (Windows NT 10.0; Win64; x64) AppleWebKit/537.36 (KHTML, like Gecko) Chrome/143.0.0.0 Safari/537.36"
}
2025-12-19 12:44:48:4448 [DEBUG] GET /api/history - Status: 304: Performance: GET-/api/history-72e5ee6a-d8dc-4a07-b0c4-0e16557878f4
  Meta: {
  "duration": 22,
  "memoryUsed": "0.33MB",
  "component": "Performance"
}
2025-12-19 12:44:48:4448 [DEBUG] [ReqID: d53f9099-e1a9-4ebb-8269-4b3ba071e975] GET /api/history: Request received
  Meta: {
  "ip": "::1",
  "userAgent": "Mozilla/5.0 (Windows NT 10.0; Win64; x64) AppleWebKit/537.36 (KHTML, like Gecko) Chrome/143.0.0.0 Safari/537.36"
}
2025-12-19 12:44:48:4448 [WARN]: High memory usage detected
  Meta: {
  "heapUsed": "28.23MB",
  "heapTotal": "31.82MB",
  "percentage": "88.70%"
}
2025-12-19 12:44:48:4448 [DEBUG] [ReqID: d53f9099-e1a9-4ebb-8269-4b3ba071e975] [User: 68961b4fc7e5c3023e040ae7]: Fetching trip history
2025-12-19 12:44:48:4448 [INFO] [ReqID: d53f9099-e1a9-4ebb-8269-4b3ba071e975] [User: 68961b4fc7e5c3023e040ae7]: Trip history fetched
  Meta: {
  "tripCount": 0
}
2025-12-19 12:44:48:4448 [HTTP] [ReqID: d53f9099-e1a9-4ebb-8269-4b3ba071e975] [User: 68961b4fc7e5c3023e040ae7] GET /api/history - Status: 304 - 21ms: HTTP Request
  Meta: {
  "ip": "::1",
  "userAgent": "Mozilla/5.0 (Windows NT 10.0; Win64; x64) AppleWebKit/537.36 (KHTML, like Gecko) Chrome/143.0.0.0 Safari/537.36"
}
2025-12-19 12:44:48:4448 [DEBUG] GET /api/history - Status: 304: Performance: GET-/api/history-d53f9099-e1a9-4ebb-8269-4b3ba071e975
  Meta: {
  "duration": 22,
  "memoryUsed": "0.18MB",
  "component": "Performance"
}
2025-12-19 12:44:48:4448 [HTTP] [ReqID: 8606938b-b18b-4283-8b2c-2851729f32f1] [User: 68961b4fc7e5c3023e040ae7] GET /api/preferences - Status: 200 - 43ms: HTTP Request
  Meta: {
  "ip": "::1",
  "userAgent": "Mozilla/5.0 (Windows NT 10.0; Win64; x64) AppleWebKit/537.36 (KHTML, like Gecko) Chrome/143.0.0.0 Safari/537.36"
}
2025-12-19 12:44:48:4448 [DEBUG] GET /api/preferences - Status: 200: Performance: GET-/api/preferences-8606938b-b18b-4283-8b2c-2851729f32f1
  Meta: {
  "duration": 44,
  "memoryUsed": "1.13MB",
  "component": "Performance"
}
2025-12-19 12:44:49:4449 [DEBUG] [ReqID: c280a351-df6e-431f-af3d-1b9f11760622] GET /api/preferences: Request received
  Meta: {
  "ip": "::1",
  "userAgent": "Mozilla/5.0 (Windows NT 10.0; Win64; x64) AppleWebKit/537.36 (KHTML, like Gecko) Chrome/143.0.0.0 Safari/537.36"
}
2025-12-19 12:44:49:4449 [WARN]: High memory usage detected
  Meta: {
  "heapUsed": "29.53MB",
  "heapTotal": "34.82MB",
  "percentage": "84.79%"
}
2025-12-19 12:44:49:4449 [HTTP] [ReqID: c280a351-df6e-431f-af3d-1b9f11760622] [User: 68961b4fc7e5c3023e040ae7] GET /api/preferences - Status: 304 - 26ms: HTTP Request
  Meta: {
  "ip": "::1",
  "userAgent": "Mozilla/5.0 (Windows NT 10.0; Win64; x64) AppleWebKit/537.36 (KHTML, like Gecko) Chrome/143.0.0.0 Safari/537.36"
}
2025-12-19 12:44:49:4449 [DEBUG] GET /api/preferences - Status: 304: Performance: GET-/api/preferences-c280a351-df6e-431f-af3d-1b9f11760622
  Meta: {
  "duration": 27,
  "memoryUsed": "1.26MB",
  "component": "Performance"
}
2025-12-19 12:44:49:4449 [DEBUG] [ReqID: a3bfa40d-1b2f-4f09-9043-73a9f9e28cd5] GET /api/preferences: Request received
  Meta: {
  "ip": "::1",
  "userAgent": "Mozilla/5.0 (Windows NT 10.0; Win64; x64) AppleWebKit/537.36 (KHTML, like Gecko) Chrome/143.0.0.0 Safari/537.36"
}
2025-12-19 12:44:49:4449 [WARN]: High memory usage detected
  Meta: {
  "heapUsed": "29.87MB",
  "heapTotal": "35.82MB",
  "percentage": "83.39%"
}
2025-12-19 12:44:49:4449 [HTTP] [ReqID: a3bfa40d-1b2f-4f09-9043-73a9f9e28cd5] [User: 68961b4fc7e5c3023e040ae7] GET /api/preferences - Status: 304 - 19ms: HTTP Request
  Meta: {
  "ip": "::1",
  "userAgent": "Mozilla/5.0 (Windows NT 10.0; Win64; x64) AppleWebKit/537.36 (KHTML, like Gecko) Chrome/143.0.0.0 Safari/537.36"
}
2025-12-19 12:44:49:4449 [DEBUG] GET /api/preferences - Status: 304: Performance: GET-/api/preferences-a3bfa40d-1b2f-4f09-9043-73a9f9e28cd5
  Meta: {
  "duration": 20,
  "memoryUsed": "0.96MB",
  "component": "Performance"
}
2025-12-19 12:44:49:4449 [HTTP] [ReqID: 01766e41-6443-4d30-80b3-23d6817d1b14] [User: 68961b4fc7e5c3023e040ae7] GET /api/weather?lat=28.6139&lon=77.209 - Status: 200 - 510ms: HTTP Request
  Meta: {
  "ip": "::1",
  "userAgent": "Mozilla/5.0 (Windows NT 10.0; Win64; x64) AppleWebKit/537.36 (KHTML, like Gecko) Chrome/143.0.0.0 Safari/537.36"
}
2025-12-19 12:44:49:4449 [DEBUG] GET /api/weather?lat=28.6139&lon=77.209 - Status: 200: Performance: GET-/api/weather?lat=28.6139&lon=77.209-01766e41-6443-4d30-80b3-23d6817d1b14
  Meta: {
  "duration": 511,
  "memoryUsed": "3.32MB",
  "component": "Performance"
}
2025-12-19 12:45:02:452 [DEBUG] [ReqID: 3a1d3ed6-8bf3-47a5-9822-3205028c31ea] GET /api/history: Request received
  Meta: {
  "ip": "::1",
  "userAgent": "Mozilla/5.0 (Windows NT 10.0; Win64; x64) AppleWebKit/537.36 (KHTML, like Gecko) Chrome/143.0.0.0 Safari/537.36"
}
2025-12-19 12:45:02:452 [WARN]: High memory usage detected
  Meta: {
  "heapUsed": "31.50MB",
  "heapTotal": "35.82MB",
  "percentage": "87.93%"
}
2025-12-19 12:45:02:452 [DEBUG] [ReqID: 3a1d3ed6-8bf3-47a5-9822-3205028c31ea] [User: 68961b4fc7e5c3023e040ae7]: Fetching trip history
2025-12-19 12:45:02:452 [INFO] [ReqID: 3a1d3ed6-8bf3-47a5-9822-3205028c31ea] [User: 68961b4fc7e5c3023e040ae7]: Trip history fetched
  Meta: {
  "tripCount": 0
}
2025-12-19 12:45:02:452 [HTTP] [ReqID: 3a1d3ed6-8bf3-47a5-9822-3205028c31ea] [User: 68961b4fc7e5c3023e040ae7] GET /api/history - Status: 304 - 8ms: HTTP Request
  Meta: {
  "ip": "::1",
  "userAgent": "Mozilla/5.0 (Windows NT 10.0; Win64; x64) AppleWebKit/537.36 (KHTML, like Gecko) Chrome/143.0.0.0 Safari/537.36"
}
2025-12-19 12:45:02:452 [DEBUG] GET /api/history - Status: 304: Performance: GET-/api/history-3a1d3ed6-8bf3-47a5-9822-3205028c31ea
  Meta: {
  "duration": 8,
  "memoryUsed": "-0.69MB",
  "component": "Performance"
}
2025-12-19 12:45:02:452 [DEBUG] [ReqID: 6b5bd575-f90c-4708-95a0-16cb36359f36] GET /api/preferences: Request received
  Meta: {
  "ip": "::1",
  "userAgent": "Mozilla/5.0 (Windows NT 10.0; Win64; x64) AppleWebKit/537.36 (KHTML, like Gecko) Chrome/143.0.0.0 Safari/537.36"
}
2025-12-19 12:45:02:452 [WARN]: High memory usage detected
  Meta: {
  "heapUsed": "30.85MB",
  "heapTotal": "33.07MB",
  "percentage": "93.29%"
}
2025-12-19 12:45:02:452 [HTTP] [ReqID: 6b5bd575-f90c-4708-95a0-16cb36359f36] [User: 68961b4fc7e5c3023e040ae7] GET /api/preferences - Status: 304 - 8ms: HTTP Request
  Meta: {
  "ip": "::1",
  "userAgent": "Mozilla/5.0 (Windows NT 10.0; Win64; x64) AppleWebKit/537.36 (KHTML, like Gecko) Chrome/143.0.0.0 Safari/537.36"
}
2025-12-19 12:45:02:452 [DEBUG] GET /api/preferences - Status: 304: Performance: GET-/api/preferences-6b5bd575-f90c-4708-95a0-16cb36359f36
  Meta: {
  "duration": 9,
  "memoryUsed": "-0.12MB",
  "component": "Performance"
}
2025-12-19 12:45:04:454 [DEBUG] [ReqID: 47f47ff9-2b5a-4266-a6b3-0ce0073be14a] OPTIONS /api/theme: Request received
  Meta: {
  "ip": "::1",
  "userAgent": "Mozilla/5.0 (Windows NT 10.0; Win64; x64) AppleWebKit/537.36 (KHTML, like Gecko) Chrome/143.0.0.0 Safari/537.36"
}
2025-12-19 12:45:04:454 [WARN]: High memory usage detected
  Meta: {
  "heapUsed": "30.78MB",
  "heapTotal": "34.32MB",
  "percentage": "89.67%"
}
2025-12-19 12:45:04:454 [HTTP] [ReqID: 47f47ff9-2b5a-4266-a6b3-0ce0073be14a] OPTIONS /api/theme - Status: 204 - 1ms: HTTP Request
  Meta: {
  "ip": "::1",
  "userAgent": "Mozilla/5.0 (Windows NT 10.0; Win64; x64) AppleWebKit/537.36 (KHTML, like Gecko) Chrome/143.0.0.0 Safari/537.36"
}
2025-12-19 12:45:04:454 [DEBUG] OPTIONS /api/theme - Status: 204: Performance: OPTIONS-/api/theme-47f47ff9-2b5a-4266-a6b3-0ce0073be14a
  Meta: {
  "duration": 2,
  "memoryUsed": "0.12MB",
  "component": "Performance"
}
2025-12-19 12:45:04:454 [DEBUG] [ReqID: cb128597-e83d-4905-b346-6e27af3e79cd] POST /api/theme: Request received
  Meta: {
  "ip": "::1",
  "userAgent": "Mozilla/5.0 (Windows NT 10.0; Win64; x64) AppleWebKit/537.36 (KHTML, like Gecko) Chrome/143.0.0.0 Safari/537.36"
}
2025-12-19 12:45:04:454 [WARN]: High memory usage detected
  Meta: {
  "heapUsed": "30.94MB",
  "heapTotal": "34.32MB",
  "percentage": "90.14%"
}
2025-12-19 12:45:04:454 [HTTP] [ReqID: cb128597-e83d-4905-b346-6e27af3e79cd] [User: 68961b4fc7e5c3023e040ae7] POST /api/theme - Status: 200 - 36ms: HTTP Request
  Meta: {
  "ip": "::1",
  "userAgent": "Mozilla/5.0 (Windows NT 10.0; Win64; x64) AppleWebKit/537.36 (KHTML, like Gecko) Chrome/143.0.0.0 Safari/537.36"
}
2025-12-19 12:45:04:454 [DEBUG] POST /api/theme - Status: 200: Performance: POST-/api/theme-cb128597-e83d-4905-b346-6e27af3e79cd
  Meta: {
  "duration": 37,
  "memoryUsed": "0.47MB",
  "component": "Performance"
}
2025-12-19 12:45:05:455 [DEBUG] [ReqID: ef9f3fff-66fe-4f71-a501-8c1b214ca544] POST /api/theme: Request received
  Meta: {
  "ip": "::1",
  "userAgent": "Mozilla/5.0 (Windows NT 10.0; Win64; x64) AppleWebKit/537.36 (KHTML, like Gecko) Chrome/143.0.0.0 Safari/537.36"
}
2025-12-19 12:45:05:455 [WARN]: High memory usage detected
  Meta: {
  "heapUsed": "31.44MB",
  "heapTotal": "33.57MB",
  "percentage": "93.65%"
}
2025-12-19 12:45:05:455 [HTTP] [ReqID: ef9f3fff-66fe-4f71-a501-8c1b214ca544] [User: 68961b4fc7e5c3023e040ae7] POST /api/theme - Status: 200 - 8ms: HTTP Request
  Meta: {
  "ip": "::1",
  "userAgent": "Mozilla/5.0 (Windows NT 10.0; Win64; x64) AppleWebKit/537.36 (KHTML, like Gecko) Chrome/143.0.0.0 Safari/537.36"
}
2025-12-19 12:45:05:455 [DEBUG] POST /api/theme - Status: 200: Performance: POST-/api/theme-ef9f3fff-66fe-4f71-a501-8c1b214ca544
  Meta: {
  "duration": 9,
  "memoryUsed": "-0.04MB",
  "component": "Performance"
}
2025-12-19 12:45:06:456 [DEBUG] [ReqID: 31e2be3e-a634-4f2d-baae-8aca2bc9c574] POST /api/theme: Request received
  Meta: {
  "ip": "::1",
  "userAgent": "Mozilla/5.0 (Windows NT 10.0; Win64; x64) AppleWebKit/537.36 (KHTML, like Gecko) Chrome/143.0.0.0 Safari/537.36"
}
2025-12-19 12:45:06:456 [WARN]: High memory usage detected
  Meta: {
  "heapUsed": "31.44MB",
  "heapTotal": "33.82MB",
  "percentage": "92.95%"
}
2025-12-19 12:45:06:456 [HTTP] [ReqID: 31e2be3e-a634-4f2d-baae-8aca2bc9c574] [User: 68961b4fc7e5c3023e040ae7] POST /api/theme - Status: 200 - 7ms: HTTP Request
  Meta: {
  "ip": "::1",
  "userAgent": "Mozilla/5.0 (Windows NT 10.0; Win64; x64) AppleWebKit/537.36 (KHTML, like Gecko) Chrome/143.0.0.0 Safari/537.36"
}
2025-12-19 12:45:06:456 [DEBUG] POST /api/theme - Status: 200: Performance: POST-/api/theme-31e2be3e-a634-4f2d-baae-8aca2bc9c574
  Meta: {
  "duration": 8,
  "memoryUsed": "0.43MB",
  "component": "Performance"
}
2025-12-19 12:45:07:457 [DEBUG] [ReqID: a0bb81e7-5444-4703-9cc4-a83983078f8b] POST /api/theme: Request received
  Meta: {
  "ip": "::1",
  "userAgent": "Mozilla/5.0 (Windows NT 10.0; Win64; x64) AppleWebKit/537.36 (KHTML, like Gecko) Chrome/143.0.0.0 Safari/537.36"
}
2025-12-19 12:45:07:457 [WARN]: High memory usage detected
  Meta: {
  "heapUsed": "31.20MB",
  "heapTotal": "34.82MB",
  "percentage": "89.60%"
}
2025-12-19 12:45:07:457 [HTTP] [ReqID: a0bb81e7-5444-4703-9cc4-a83983078f8b] [User: 68961b4fc7e5c3023e040ae7] POST /api/theme - Status: 200 - 7ms: HTTP Request
  Meta: {
  "ip": "::1",
  "userAgent": "Mozilla/5.0 (Windows NT 10.0; Win64; x64) AppleWebKit/537.36 (KHTML, like Gecko) Chrome/143.0.0.0 Safari/537.36"
}
2025-12-19 12:45:07:457 [DEBUG] POST /api/theme - Status: 200: Performance: POST-/api/theme-a0bb81e7-5444-4703-9cc4-a83983078f8b
  Meta: {
  "duration": 7,
  "memoryUsed": "0.44MB",
  "component": "Performance"
}
2025-12-19 12:45:08:458 [DEBUG] [ReqID: 05d29fe7-1a85-4a02-898a-a098a618baf0] POST /api/theme: Request received
  Meta: {
  "ip": "::1",
  "userAgent": "Mozilla/5.0 (Windows NT 10.0; Win64; x64) AppleWebKit/537.36 (KHTML, like Gecko) Chrome/143.0.0.0 Safari/537.36"
}
2025-12-19 12:45:08:458 [WARN]: High memory usage detected
  Meta: {
  "heapUsed": "31.68MB",
  "heapTotal": "34.82MB",
  "percentage": "90.97%"
}
2025-12-19 12:45:08:458 [HTTP] [ReqID: 05d29fe7-1a85-4a02-898a-a098a618baf0] [User: 68961b4fc7e5c3023e040ae7] POST /api/theme - Status: 200 - 7ms: HTTP Request
  Meta: {
  "ip": "::1",
  "userAgent": "Mozilla/5.0 (Windows NT 10.0; Win64; x64) AppleWebKit/537.36 (KHTML, like Gecko) Chrome/143.0.0.0 Safari/537.36"
}
2025-12-19 12:45:08:458 [DEBUG] POST /api/theme - Status: 200: Performance: POST-/api/theme-05d29fe7-1a85-4a02-898a-a098a618baf0
  Meta: {
  "duration": 8,
  "memoryUsed": "-0.22MB",
  "component": "Performance"
}
2025-12-19 12:45:09:459 [DEBUG] [ReqID: 0c717ca3-fd87-4ede-82d1-ff4bb5db5b86] GET /api/weather?lat=28.6139&lon=77.209: Request received
  Meta: {
  "ip": "::1",
  "userAgent": "Mozilla/5.0 (Windows NT 10.0; Win64; x64) AppleWebKit/537.36 (KHTML, like Gecko) Chrome/143.0.0.0 Safari/537.36"
}
2025-12-19 12:45:09:459 [WARN]: High memory usage detected
  Meta: {
  "heapUsed": "31.51MB",
  "heapTotal": "33.82MB",
  "percentage": "93.14%"
}
2025-12-19 12:45:09:459 [DEBUG] [ReqID: ae79c1be-caaa-4961-8cc1-e68fc548e345] GET /api/history: Request received
  Meta: {
  "ip": "::1",
  "userAgent": "Mozilla/5.0 (Windows NT 10.0; Win64; x64) AppleWebKit/537.36 (KHTML, like Gecko) Chrome/143.0.0.0 Safari/537.36"
}
2025-12-19 12:45:09:459 [WARN]: High memory usage detected
  Meta: {
  "heapUsed": "31.64MB",
  "heapTotal": "33.82MB",
  "percentage": "93.54%"
}
2025-12-19 12:45:09:459 [DEBUG] [ReqID: ae79c1be-caaa-4961-8cc1-e68fc548e345] [User: 68961b4fc7e5c3023e040ae7]: Fetching trip history
2025-12-19 12:45:09:459 [INFO] [ReqID: ae79c1be-caaa-4961-8cc1-e68fc548e345] [User: 68961b4fc7e5c3023e040ae7]: Trip history fetched
  Meta: {
  "tripCount": 0
}
2025-12-19 12:45:09:459 [HTTP] [ReqID: ae79c1be-caaa-4961-8cc1-e68fc548e345] [User: 68961b4fc7e5c3023e040ae7] GET /api/history - Status: 304 - 16ms: HTTP Request
  Meta: {
  "ip": "::1",
  "userAgent": "Mozilla/5.0 (Windows NT 10.0; Win64; x64) AppleWebKit/537.36 (KHTML, like Gecko) Chrome/143.0.0.0 Safari/537.36"
}
2025-12-19 12:45:09:459 [DEBUG] GET /api/history - Status: 304: Performance: GET-/api/history-ae79c1be-caaa-4961-8cc1-e68fc548e345
  Meta: {
  "duration": 16,
  "memoryUsed": "0.01MB",
  "component": "Performance"
}
2025-12-19 12:45:09:459 [DEBUG] [ReqID: 8cd06e54-946d-44e9-b4f1-6881807c02b3] GET /api/history: Request received
  Meta: {
  "ip": "::1",
  "userAgent": "Mozilla/5.0 (Windows NT 10.0; Win64; x64) AppleWebKit/537.36 (KHTML, like Gecko) Chrome/143.0.0.0 Safari/537.36"
}
2025-12-19 12:45:09:459 [WARN]: High memory usage detected
  Meta: {
  "heapUsed": "31.70MB",
  "heapTotal": "34.07MB",
  "percentage": "93.02%"
}
2025-12-19 12:45:09:459 [DEBUG] [ReqID: 8cd06e54-946d-44e9-b4f1-6881807c02b3] [User: 68961b4fc7e5c3023e040ae7]: Fetching trip history
2025-12-19 12:45:09:459 [INFO] [ReqID: 8cd06e54-946d-44e9-b4f1-6881807c02b3] [User: 68961b4fc7e5c3023e040ae7]: Trip history fetched
  Meta: {
  "tripCount": 0
}
2025-12-19 12:45:09:459 [HTTP] [ReqID: 8cd06e54-946d-44e9-b4f1-6881807c02b3] [User: 68961b4fc7e5c3023e040ae7] GET /api/history - Status: 304 - 34ms: HTTP Request
  Meta: {
  "ip": "::1",
  "userAgent": "Mozilla/5.0 (Windows NT 10.0; Win64; x64) AppleWebKit/537.36 (KHTML, like Gecko) Chrome/143.0.0.0 Safari/537.36"
}
2025-12-19 12:45:09:459 [DEBUG] GET /api/history - Status: 304: Performance: GET-/api/history-8cd06e54-946d-44e9-b4f1-6881807c02b3
  Meta: {
  "duration": 36,
  "memoryUsed": "0.48MB",
  "component": "Performance"
}
2025-12-19 12:45:09:459 [DEBUG] [ReqID: 3428bab9-ff9f-460c-907f-7cfc6b772dd0] GET /api/preferences: Request received
  Meta: {
  "ip": "::1",
  "userAgent": "Mozilla/5.0 (Windows NT 10.0; Win64; x64) AppleWebKit/537.36 (KHTML, like Gecko) Chrome/143.0.0.0 Safari/537.36"
}
2025-12-19 12:45:09:459 [WARN]: High memory usage detected
  Meta: {
  "heapUsed": "31.58MB",
  "heapTotal": "34.07MB",
  "percentage": "92.69%"
}
2025-12-19 12:45:09:459 [HTTP] [ReqID: 3428bab9-ff9f-460c-907f-7cfc6b772dd0] [User: 68961b4fc7e5c3023e040ae7] GET /api/preferences - Status: 304 - 11ms: HTTP Request
  Meta: {
  "ip": "::1",
  "userAgent": "Mozilla/5.0 (Windows NT 10.0; Win64; x64) AppleWebKit/537.36 (KHTML, like Gecko) Chrome/143.0.0.0 Safari/537.36"
}
2025-12-19 12:45:09:459 [DEBUG] GET /api/preferences - Status: 304: Performance: GET-/api/preferences-3428bab9-ff9f-460c-907f-7cfc6b772dd0
  Meta: {
  "duration": 12,
  "memoryUsed": "0.46MB",
  "component": "Performance"
}
2025-12-19 12:45:09:459 [DEBUG] [ReqID: 8d73de4a-70ca-419f-b713-ff75624438c9] GET /api/preferences: Request received
  Meta: {
  "ip": "::1",
  "userAgent": "Mozilla/5.0 (Windows NT 10.0; Win64; x64) AppleWebKit/537.36 (KHTML, like Gecko) Chrome/143.0.0.0 Safari/537.36"
}
2025-12-19 12:45:09:459 [WARN]: High memory usage detected
  Meta: {
  "heapUsed": "32.09MB",
  "heapTotal": "34.07MB",
  "percentage": "94.16%"
}
2025-12-19 12:45:09:459 [HTTP] [ReqID: 8d73de4a-70ca-419f-b713-ff75624438c9] [User: 68961b4fc7e5c3023e040ae7] GET /api/preferences - Status: 304 - 12ms: HTTP Request
  Meta: {
  "ip": "::1",
  "userAgent": "Mozilla/5.0 (Windows NT 10.0; Win64; x64) AppleWebKit/537.36 (KHTML, like Gecko) Chrome/143.0.0.0 Safari/537.36"
}
2025-12-19 12:45:09:459 [DEBUG] GET /api/preferences - Status: 304: Performance: GET-/api/preferences-8d73de4a-70ca-419f-b713-ff75624438c9
  Meta: {
  "duration": 14,
  "memoryUsed": "-0.18MB",
  "component": "Performance"
}
2025-12-19 12:45:10:4510 [HTTP] [ReqID: 0c717ca3-fd87-4ede-82d1-ff4bb5db5b86] [User: 68961b4fc7e5c3023e040ae7] GET /api/weather?lat=28.6139&lon=77.209 - Status: 304 - 396ms: HTTP Request
  Meta: {
  "ip": "::1",
  "userAgent": "Mozilla/5.0 (Windows NT 10.0; Win64; x64) AppleWebKit/537.36 (KHTML, like Gecko) Chrome/143.0.0.0 Safari/537.36"
}
2025-12-19 12:45:10:4510 [DEBUG] GET /api/weather?lat=28.6139&lon=77.209 - Status: 304: Performance: GET-/api/weather?lat=28.6139&lon=77.209-0c717ca3-fd87-4ede-82d1-ff4bb5db5b86
  Meta: {
  "duration": 397,
  "memoryUsed": "0.58MB",
  "component": "Performance"
}
2025-12-19 12:45:10:4510 [DEBUG] [ReqID: 694e993e-71cf-4c41-add1-31f3611a5074] GET /api/history: Request received
  Meta: {
  "ip": "::1",
  "userAgent": "Mozilla/5.0 (Windows NT 10.0; Win64; x64) AppleWebKit/537.36 (KHTML, like Gecko) Chrome/143.0.0.0 Safari/537.36"
}
2025-12-19 12:45:10:4510 [WARN]: High memory usage detected
  Meta: {
  "heapUsed": "32.12MB",
  "heapTotal": "35.32MB",
  "percentage": "90.94%"
}
2025-12-19 12:45:10:4510 [DEBUG] [ReqID: 694e993e-71cf-4c41-add1-31f3611a5074] [User: 68961b4fc7e5c3023e040ae7]: Fetching trip history
2025-12-19 12:45:10:4510 [INFO] [ReqID: 694e993e-71cf-4c41-add1-31f3611a5074] [User: 68961b4fc7e5c3023e040ae7]: Trip history fetched
  Meta: {
  "tripCount": 0
}
2025-12-19 12:45:10:4510 [HTTP] [ReqID: 694e993e-71cf-4c41-add1-31f3611a5074] [User: 68961b4fc7e5c3023e040ae7] GET /api/history - Status: 304 - 8ms: HTTP Request
  Meta: {
  "ip": "::1",
  "userAgent": "Mozilla/5.0 (Windows NT 10.0; Win64; x64) AppleWebKit/537.36 (KHTML, like Gecko) Chrome/143.0.0.0 Safari/537.36"
}
2025-12-19 12:45:10:4510 [DEBUG] GET /api/history - Status: 304: Performance: GET-/api/history-694e993e-71cf-4c41-add1-31f3611a5074
  Meta: {
  "duration": 8,
  "memoryUsed": "-0.09MB",
  "component": "Performance"
}
2025-12-19 12:45:10:4510 [DEBUG] [ReqID: 02391cf7-5176-4c47-9a2d-fd6db82785b5] GET /api/history: Request received
  Meta: {
  "ip": "::1",
  "userAgent": "Mozilla/5.0 (Windows NT 10.0; Win64; x64) AppleWebKit/537.36 (KHTML, like Gecko) Chrome/143.0.0.0 Safari/537.36"
}
2025-12-19 12:45:10:4510 [WARN]: High memory usage detected
  Meta: {
  "heapUsed": "32.07MB",
  "heapTotal": "35.32MB",
  "percentage": "90.78%"
}
2025-12-19 12:45:10:4510 [DEBUG] [ReqID: 02391cf7-5176-4c47-9a2d-fd6db82785b5] [User: 68961b4fc7e5c3023e040ae7]: Fetching trip history
2025-12-19 12:45:10:4510 [INFO] [ReqID: 02391cf7-5176-4c47-9a2d-fd6db82785b5] [User: 68961b4fc7e5c3023e040ae7]: Trip history fetched
  Meta: {
  "tripCount": 0
}
2025-12-19 12:45:10:4510 [HTTP] [ReqID: 02391cf7-5176-4c47-9a2d-fd6db82785b5] [User: 68961b4fc7e5c3023e040ae7] GET /api/history - Status: 304 - 8ms: HTTP Request
  Meta: {
  "ip": "::1",
  "userAgent": "Mozilla/5.0 (Windows NT 10.0; Win64; x64) AppleWebKit/537.36 (KHTML, like Gecko) Chrome/143.0.0.0 Safari/537.36"
}
2025-12-19 12:45:10:4510 [DEBUG] GET /api/history - Status: 304: Performance: GET-/api/history-02391cf7-5176-4c47-9a2d-fd6db82785b5
  Meta: {
  "duration": 9,
  "memoryUsed": "0.46MB",
  "component": "Performance"
}
2025-12-19 12:45:10:4510 [DEBUG] [ReqID: c0060c36-2f9e-4777-bba8-b9d9a6daa9d8] GET /api/history: Request received
  Meta: {
  "ip": "::1",
  "userAgent": "Mozilla/5.0 (Windows NT 10.0; Win64; x64) AppleWebKit/537.36 (KHTML, like Gecko) Chrome/143.0.0.0 Safari/537.36"
}
2025-12-19 12:45:10:4510 [WARN]: High memory usage detected
  Meta: {
  "heapUsed": "32.56MB",
  "heapTotal": "35.32MB",
  "percentage": "92.19%"
}
2025-12-19 12:45:10:4510 [DEBUG] [ReqID: c0060c36-2f9e-4777-bba8-b9d9a6daa9d8] [User: 68961b4fc7e5c3023e040ae7]: Fetching trip history
2025-12-19 12:45:10:4510 [INFO] [ReqID: c0060c36-2f9e-4777-bba8-b9d9a6daa9d8] [User: 68961b4fc7e5c3023e040ae7]: Trip history fetched
  Meta: {
  "tripCount": 0
}
2025-12-19 12:45:10:4510 [HTTP] [ReqID: c0060c36-2f9e-4777-bba8-b9d9a6daa9d8] [User: 68961b4fc7e5c3023e040ae7] GET /api/history - Status: 304 - 8ms: HTTP Request
  Meta: {
  "ip": "::1",
  "userAgent": "Mozilla/5.0 (Windows NT 10.0; Win64; x64) AppleWebKit/537.36 (KHTML, like Gecko) Chrome/143.0.0.0 Safari/537.36"
}
2025-12-19 12:45:10:4510 [DEBUG] GET /api/history - Status: 304: Performance: GET-/api/history-c0060c36-2f9e-4777-bba8-b9d9a6daa9d8
  Meta: {
  "duration": 10,
  "memoryUsed": "-0.21MB",
  "component": "Performance"
}
2025-12-19 12:45:10:4510 [DEBUG] [ReqID: b1136bc6-586e-43e5-9f17-6b81bc1c23d5] GET /api/preferences: Request received
  Meta: {
  "ip": "::1",
  "userAgent": "Mozilla/5.0 (Windows NT 10.0; Win64; x64) AppleWebKit/537.36 (KHTML, like Gecko) Chrome/143.0.0.0 Safari/537.36"
}
2025-12-19 12:45:10:4510 [WARN]: High memory usage detected
  Meta: {
  "heapUsed": "32.39MB",
  "heapTotal": "37.57MB",
  "percentage": "86.21%"
}
2025-12-19 12:45:10:4510 [HTTP] [ReqID: b1136bc6-586e-43e5-9f17-6b81bc1c23d5] [User: 68961b4fc7e5c3023e040ae7] GET /api/preferences - Status: 304 - 7ms: HTTP Request
  Meta: {
  "ip": "::1",
  "userAgent": "Mozilla/5.0 (Windows NT 10.0; Win64; x64) AppleWebKit/537.36 (KHTML, like Gecko) Chrome/143.0.0.0 Safari/537.36"
}
2025-12-19 12:45:10:4510 [DEBUG] GET /api/preferences - Status: 304: Performance: GET-/api/preferences-b1136bc6-586e-43e5-9f17-6b81bc1c23d5
  Meta: {
  "duration": 9,
  "memoryUsed": "0.46MB",
  "component": "Performance"
}
2025-12-19 12:45:12:4512 [DEBUG] [ReqID: 6cc9114d-8e6e-4f35-b864-eb4d24582e9c] GET /api/preferences: Request received
  Meta: {
  "ip": "::1",
  "userAgent": "Mozilla/5.0 (Windows NT 10.0; Win64; x64) AppleWebKit/537.36 (KHTML, like Gecko) Chrome/143.0.0.0 Safari/537.36"
}
2025-12-19 12:45:12:4512 [WARN]: High memory usage detected
  Meta: {
  "heapUsed": "32.90MB",
  "heapTotal": "37.57MB",
  "percentage": "87.56%"
}
2025-12-19 12:45:12:4512 [DEBUG] [ReqID: e6c6b408-1f13-4dd3-91ae-04e78cd20e82] GET /api/history: Request received
  Meta: {
  "ip": "::1",
  "userAgent": "Mozilla/5.0 (Windows NT 10.0; Win64; x64) AppleWebKit/537.36 (KHTML, like Gecko) Chrome/143.0.0.0 Safari/537.36"
}
2025-12-19 12:45:12:4512 [WARN]: High memory usage detected
  Meta: {
  "heapUsed": "33.03MB",
  "heapTotal": "37.57MB",
  "percentage": "87.90%"
}
2025-12-19 12:45:12:4512 [DEBUG] [ReqID: e6c6b408-1f13-4dd3-91ae-04e78cd20e82] [User: 68961b4fc7e5c3023e040ae7]: Fetching trip history
2025-12-19 12:45:12:4512 [HTTP] [ReqID: 6cc9114d-8e6e-4f35-b864-eb4d24582e9c] [User: 68961b4fc7e5c3023e040ae7] GET /api/preferences - Status: 304 - 12ms: HTTP Request
  Meta: {
  "ip": "::1",
  "userAgent": "Mozilla/5.0 (Windows NT 10.0; Win64; x64) AppleWebKit/537.36 (KHTML, like Gecko) Chrome/143.0.0.0 Safari/537.36"
}
2025-12-19 12:45:12:4512 [DEBUG] GET /api/preferences - Status: 304: Performance: GET-/api/preferences-6cc9114d-8e6e-4f35-b864-eb4d24582e9c
  Meta: {
  "duration": 13,
  "memoryUsed": "0.80MB",
  "component": "Performance"
}
2025-12-19 12:45:12:4512 [INFO] [ReqID: e6c6b408-1f13-4dd3-91ae-04e78cd20e82] [User: 68961b4fc7e5c3023e040ae7]: Trip history fetched
  Meta: {
  "tripCount": 0
}
2025-12-19 12:45:12:4512 [HTTP] [ReqID: e6c6b408-1f13-4dd3-91ae-04e78cd20e82] [User: 68961b4fc7e5c3023e040ae7] GET /api/history - Status: 304 - 14ms: HTTP Request
  Meta: {
  "ip": "::1",
  "userAgent": "Mozilla/5.0 (Windows NT 10.0; Win64; x64) AppleWebKit/537.36 (KHTML, like Gecko) Chrome/143.0.0.0 Safari/537.36"
}
2025-12-19 12:45:12:4512 [DEBUG] GET /api/history - Status: 304: Performance: GET-/api/history-e6c6b408-1f13-4dd3-91ae-04e78cd20e82
  Meta: {
  "duration": 15,
  "memoryUsed": "-0.63MB",
  "component": "Performance"
}
2025-12-19 12:45:12:4512 [DEBUG] [ReqID: 53056394-972d-4063-af0f-493198e2d115] GET /api/preferences: Request received
  Meta: {
  "ip": "::1",
  "userAgent": "Mozilla/5.0 (Windows NT 10.0; Win64; x64) AppleWebKit/537.36 (KHTML, like Gecko) Chrome/143.0.0.0 Safari/537.36"
}
2025-12-19 12:45:12:4512 [WARN]: High memory usage detected
  Meta: {
  "heapUsed": "32.44MB",
  "heapTotal": "37.82MB",
  "percentage": "85.77%"
}
2025-12-19 12:45:12:4512 [HTTP] [ReqID: 53056394-972d-4063-af0f-493198e2d115] [User: 68961b4fc7e5c3023e040ae7] GET /api/preferences - Status: 304 - 8ms: HTTP Request
  Meta: {
  "ip": "::1",
  "userAgent": "Mozilla/5.0 (Windows NT 10.0; Win64; x64) AppleWebKit/537.36 (KHTML, like Gecko) Chrome/143.0.0.0 Safari/537.36"
}
2025-12-19 12:45:12:4512 [DEBUG] GET /api/preferences - Status: 304: Performance: GET-/api/preferences-53056394-972d-4063-af0f-493198e2d115
  Meta: {
  "duration": 9,
  "memoryUsed": "0.50MB",
  "component": "Performance"
}
2025-12-19 12:45:12:4512 [DEBUG] [ReqID: 6c3bd90d-df9d-4fb5-b774-aa0030136b0c] GET /api/preferences: Request received
  Meta: {
  "ip": "::1",
  "userAgent": "Mozilla/5.0 (Windows NT 10.0; Win64; x64) AppleWebKit/537.36 (KHTML, like Gecko) Chrome/143.0.0.0 Safari/537.36"
}
2025-12-19 12:45:12:4512 [WARN]: High memory usage detected
  Meta: {
  "heapUsed": "32.98MB",
  "heapTotal": "37.82MB",
  "percentage": "87.19%"
}
2025-12-19 12:45:12:4512 [HTTP] [ReqID: 6c3bd90d-df9d-4fb5-b774-aa0030136b0c] [User: 68961b4fc7e5c3023e040ae7] GET /api/preferences - Status: 304 - 7ms: HTTP Request
  Meta: {
  "ip": "::1",
  "userAgent": "Mozilla/5.0 (Windows NT 10.0; Win64; x64) AppleWebKit/537.36 (KHTML, like Gecko) Chrome/143.0.0.0 Safari/537.36"
}
2025-12-19 12:45:12:4512 [DEBUG] GET /api/preferences - Status: 304: Performance: GET-/api/preferences-6c3bd90d-df9d-4fb5-b774-aa0030136b0c
  Meta: {
  "duration": 8,
  "memoryUsed": "0.47MB",
  "component": "Performance"
}
2025-12-19 12:45:13:4513 [DEBUG] [ReqID: 8b62153d-5e9f-46e5-800b-c1f3cdaee050] GET /api/history: Request received
  Meta: {
  "ip": "::1",
  "userAgent": "Mozilla/5.0 (Windows NT 10.0; Win64; x64) AppleWebKit/537.36 (KHTML, like Gecko) Chrome/143.0.0.0 Safari/537.36"
}
2025-12-19 12:45:13:4513 [WARN]: High memory usage detected
  Meta: {
  "heapUsed": "33.52MB",
  "heapTotal": "37.82MB",
  "percentage": "88.63%"
}
2025-12-19 12:45:13:4513 [DEBUG] [ReqID: 8b62153d-5e9f-46e5-800b-c1f3cdaee050] [User: 68961b4fc7e5c3023e040ae7]: Fetching trip history
2025-12-19 12:45:13:4513 [INFO] [ReqID: 8b62153d-5e9f-46e5-800b-c1f3cdaee050] [User: 68961b4fc7e5c3023e040ae7]: Trip history fetched
  Meta: {
  "tripCount": 0
}
2025-12-19 12:45:13:4513 [HTTP] [ReqID: 8b62153d-5e9f-46e5-800b-c1f3cdaee050] [User: 68961b4fc7e5c3023e040ae7] GET /api/history - Status: 304 - 10ms: HTTP Request
  Meta: {
  "ip": "::1",
  "userAgent": "Mozilla/5.0 (Windows NT 10.0; Win64; x64) AppleWebKit/537.36 (KHTML, like Gecko) Chrome/143.0.0.0 Safari/537.36"
}
2025-12-19 12:45:13:4513 [DEBUG] GET /api/history - Status: 304: Performance: GET-/api/history-8b62153d-5e9f-46e5-800b-c1f3cdaee050
  Meta: {
  "duration": 10,
  "memoryUsed": "-0.69MB",
  "component": "Performance"
}
2025-12-19 12:45:13:4513 [DEBUG] [ReqID: d91944c2-e5ae-4be7-b1e5-85d014cb06bc] GET /api/history: Request received
  Meta: {
  "ip": "::1",
  "userAgent": "Mozilla/5.0 (Windows NT 10.0; Win64; x64) AppleWebKit/537.36 (KHTML, like Gecko) Chrome/143.0.0.0 Safari/537.36"
}
2025-12-19 12:45:13:4513 [WARN]: High memory usage detected
  Meta: {
  "heapUsed": "32.87MB",
  "heapTotal": "38.07MB",
  "percentage": "86.34%"
}
2025-12-19 12:45:13:4513 [DEBUG] [ReqID: d91944c2-e5ae-4be7-b1e5-85d014cb06bc] [User: 68961b4fc7e5c3023e040ae7]: Fetching trip history
2025-12-19 12:45:13:4513 [INFO] [ReqID: d91944c2-e5ae-4be7-b1e5-85d014cb06bc] [User: 68961b4fc7e5c3023e040ae7]: Trip history fetched
  Meta: {
  "tripCount": 0
}
2025-12-19 12:45:13:4513 [HTTP] [ReqID: d91944c2-e5ae-4be7-b1e5-85d014cb06bc] [User: 68961b4fc7e5c3023e040ae7] GET /api/history - Status: 304 - 9ms: HTTP Request
  Meta: {
  "ip": "::1",
  "userAgent": "Mozilla/5.0 (Windows NT 10.0; Win64; x64) AppleWebKit/537.36 (KHTML, like Gecko) Chrome/143.0.0.0 Safari/537.36"
}
2025-12-19 12:45:13:4513 [DEBUG] GET /api/history - Status: 304: Performance: GET-/api/history-d91944c2-e5ae-4be7-b1e5-85d014cb06bc
  Meta: {
  "duration": 10,
  "memoryUsed": "0.46MB",
  "component": "Performance"
}
2025-12-19 12:45:13:4513 [DEBUG] [ReqID: 596f4c1a-4845-4644-904d-3be7ba7721cf] GET /api/history: Request received
  Meta: {
  "ip": "::1",
  "userAgent": "Mozilla/5.0 (Windows NT 10.0; Win64; x64) AppleWebKit/537.36 (KHTML, like Gecko) Chrome/143.0.0.0 Safari/537.36"
}
2025-12-19 12:45:13:4513 [WARN]: High memory usage detected
  Meta: {
  "heapUsed": "33.37MB",
  "heapTotal": "38.07MB",
  "percentage": "87.65%"
}
2025-12-19 12:45:13:4513 [DEBUG] [ReqID: ed01052a-ba0d-4650-9a3b-853dbba7de0f] GET /api/preferences: Request received
  Meta: {
  "ip": "::1",
  "userAgent": "Mozilla/5.0 (Windows NT 10.0; Win64; x64) AppleWebKit/537.36 (KHTML, like Gecko) Chrome/143.0.0.0 Safari/537.36"
}
2025-12-19 12:45:13:4513 [WARN]: High memory usage detected
  Meta: {
  "heapUsed": "33.50MB",
  "heapTotal": "38.07MB",
  "percentage": "87.99%"
}
2025-12-19 12:45:13:4513 [DEBUG] [ReqID: 596f4c1a-4845-4644-904d-3be7ba7721cf] [User: 68961b4fc7e5c3023e040ae7]: Fetching trip history
2025-12-19 12:45:13:4513 [INFO] [ReqID: 596f4c1a-4845-4644-904d-3be7ba7721cf] [User: 68961b4fc7e5c3023e040ae7]: Trip history fetched
  Meta: {
  "tripCount": 0
}
2025-12-19 12:45:13:4513 [HTTP] [ReqID: 596f4c1a-4845-4644-904d-3be7ba7721cf] [User: 68961b4fc7e5c3023e040ae7] GET /api/history - Status: 304 - 14ms: HTTP Request
  Meta: {
  "ip": "::1",
  "userAgent": "Mozilla/5.0 (Windows NT 10.0; Win64; x64) AppleWebKit/537.36 (KHTML, like Gecko) Chrome/143.0.0.0 Safari/537.36"
}
2025-12-19 12:45:13:4513 [DEBUG] GET /api/history - Status: 304: Performance: GET-/api/history-596f4c1a-4845-4644-904d-3be7ba7721cf
  Meta: {
  "duration": 14,
  "memoryUsed": "0.77MB",
  "component": "Performance"
}
2025-12-19 12:45:13:4513 [HTTP] [ReqID: ed01052a-ba0d-4650-9a3b-853dbba7de0f] [User: 68961b4fc7e5c3023e040ae7] GET /api/preferences - Status: 304 - 14ms: HTTP Request
  Meta: {
  "ip": "::1",
  "userAgent": "Mozilla/5.0 (Windows NT 10.0; Win64; x64) AppleWebKit/537.36 (KHTML, like Gecko) Chrome/143.0.0.0 Safari/537.36"
}
2025-12-19 12:45:13:4513 [DEBUG] GET /api/preferences - Status: 304: Performance: GET-/api/preferences-ed01052a-ba0d-4650-9a3b-853dbba7de0f
  Meta: {
  "duration": 15,
  "memoryUsed": "-0.59MB",
  "component": "Performance"
}
2025-12-19 12:45:15:4515 [DEBUG] [ReqID: 0aa81ab8-d433-4ed1-8c7a-6184aee6badd] GET /api/auth/current_user: Request received
  Meta: {
  "ip": "::1",
  "userAgent": "Mozilla/5.0 (Windows NT 10.0; Win64; x64) AppleWebKit/537.36 (KHTML, like Gecko) Chrome/143.0.0.0 Safari/537.36"
}
2025-12-19 12:45:15:4515 [WARN]: High memory usage detected
  Meta: {
  "heapUsed": "32.95MB",
  "heapTotal": "38.32MB",
  "percentage": "85.99%"
}
2025-12-19 12:45:15:4515 [HTTP] [ReqID: 0aa81ab8-d433-4ed1-8c7a-6184aee6badd] [User: 68961b4fc7e5c3023e040ae7] GET /api/auth/current_user - Status: 304 - 5ms: HTTP Request
  Meta: {
  "ip": "::1",
  "userAgent": "Mozilla/5.0 (Windows NT 10.0; Win64; x64) AppleWebKit/537.36 (KHTML, like Gecko) Chrome/143.0.0.0 Safari/537.36"
}
2025-12-19 12:45:15:4515 [DEBUG] GET /api/auth/current_user - Status: 304: Performance: GET-/api/auth/current_user-0aa81ab8-d433-4ed1-8c7a-6184aee6badd
  Meta: {
  "duration": 6,
  "memoryUsed": "0.33MB",
  "component": "Performance"
}
2025-12-19 12:45:15:4515 [DEBUG] [ReqID: a897fd73-bdd5-48a5-b923-dce067c9f037] GET /api/auth/current_user: Request received
  Meta: {
  "ip": "::1",
  "userAgent": "Mozilla/5.0 (Windows NT 10.0; Win64; x64) AppleWebKit/537.36 (KHTML, like Gecko) Chrome/143.0.0.0 Safari/537.36"
}
2025-12-19 12:45:15:4515 [WARN]: High memory usage detected
  Meta: {
  "heapUsed": "33.33MB",
  "heapTotal": "38.32MB",
  "percentage": "86.97%"
}
2025-12-19 12:45:15:4515 [HTTP] [ReqID: a897fd73-bdd5-48a5-b923-dce067c9f037] [User: 68961b4fc7e5c3023e040ae7] GET /api/auth/current_user - Status: 304 - 6ms: HTTP Request
  Meta: {
  "ip": "::1",
  "userAgent": "Mozilla/5.0 (Windows NT 10.0; Win64; x64) AppleWebKit/537.36 (KHTML, like Gecko) Chrome/143.0.0.0 Safari/537.36"
}
2025-12-19 12:45:15:4515 [DEBUG] GET /api/auth/current_user - Status: 304: Performance: GET-/api/auth/current_user-a897fd73-bdd5-48a5-b923-dce067c9f037
  Meta: {
  "duration": 7,
  "memoryUsed": "0.33MB",
  "component": "Performance"
}
2025-12-19 12:45:15:4515 [DEBUG] [ReqID: ace9a9c1-5471-437a-9509-9fb8b52b01ae] GET /api/weather?lat=28.6139&lon=77.209: Request received
  Meta: {
  "ip": "::1",
  "userAgent": "Mozilla/5.0 (Windows NT 10.0; Win64; x64) AppleWebKit/537.36 (KHTML, like Gecko) Chrome/143.0.0.0 Safari/537.36"
}
2025-12-19 12:45:15:4515 [WARN]: High memory usage detected
  Meta: {
  "heapUsed": "33.72MB",
  "heapTotal": "38.32MB",
  "percentage": "88.00%"
}
2025-12-19 12:45:15:4515 [DEBUG] [ReqID: 923add10-276c-49a2-bb61-e9f5285d3726] GET /api/history: Request received
  Meta: {
  "ip": "::1",
  "userAgent": "Mozilla/5.0 (Windows NT 10.0; Win64; x64) AppleWebKit/537.36 (KHTML, like Gecko) Chrome/143.0.0.0 Safari/537.36"
}
2025-12-19 12:45:15:4515 [WARN]: High memory usage detected
  Meta: {
  "heapUsed": "33.85MB",
  "heapTotal": "38.32MB",
  "percentage": "88.33%"
}
2025-12-19 12:45:15:4515 [DEBUG] [ReqID: 923add10-276c-49a2-bb61-e9f5285d3726] [User: 68961b4fc7e5c3023e040ae7]: Fetching trip history
2025-12-19 12:45:15:4515 [INFO] [ReqID: 923add10-276c-49a2-bb61-e9f5285d3726] [User: 68961b4fc7e5c3023e040ae7]: Trip history fetched
  Meta: {
  "tripCount": 0
}
2025-12-19 12:45:15:4515 [HTTP] [ReqID: 923add10-276c-49a2-bb61-e9f5285d3726] [User: 68961b4fc7e5c3023e040ae7] GET /api/history - Status: 304 - 14ms: HTTP Request
  Meta: {
  "ip": "::1",
  "userAgent": "Mozilla/5.0 (Windows NT 10.0; Win64; x64) AppleWebKit/537.36 (KHTML, like Gecko) Chrome/143.0.0.0 Safari/537.36"
}
2025-12-19 12:45:15:4515 [DEBUG] GET /api/history - Status: 304: Performance: GET-/api/history-923add10-276c-49a2-bb61-e9f5285d3726
  Meta: {
  "duration": 15,
  "memoryUsed": "-0.66MB",
  "component": "Performance"
}
2025-12-19 12:45:15:4515 [DEBUG] [ReqID: 5bbcf7f6-0b71-4652-b63b-e75bd9f08bd8] GET /api/history: Request received
  Meta: {
  "ip": "::1",
  "userAgent": "Mozilla/5.0 (Windows NT 10.0; Win64; x64) AppleWebKit/537.36 (KHTML, like Gecko) Chrome/143.0.0.0 Safari/537.36"
}
2025-12-19 12:45:15:4515 [WARN]: High memory usage detected
  Meta: {
  "heapUsed": "33.23MB",
  "heapTotal": "38.57MB",
  "percentage": "86.14%"
}
2025-12-19 12:45:15:4515 [DEBUG] [ReqID: 5bbcf7f6-0b71-4652-b63b-e75bd9f08bd8] [User: 68961b4fc7e5c3023e040ae7]: Fetching trip history
2025-12-19 12:45:15:4515 [INFO] [ReqID: 5bbcf7f6-0b71-4652-b63b-e75bd9f08bd8] [User: 68961b4fc7e5c3023e040ae7]: Trip history fetched
  Meta: {
  "tripCount": 0
}
2025-12-19 12:45:15:4515 [HTTP] [ReqID: 5bbcf7f6-0b71-4652-b63b-e75bd9f08bd8] [User: 68961b4fc7e5c3023e040ae7] GET /api/history - Status: 304 - 10ms: HTTP Request
  Meta: {
  "ip": "::1",
  "userAgent": "Mozilla/5.0 (Windows NT 10.0; Win64; x64) AppleWebKit/537.36 (KHTML, like Gecko) Chrome/143.0.0.0 Safari/537.36"
}
2025-12-19 12:45:15:4515 [DEBUG] GET /api/history - Status: 304: Performance: GET-/api/history-5bbcf7f6-0b71-4652-b63b-e75bd9f08bd8
  Meta: {
  "duration": 11,
  "memoryUsed": "0.44MB",
  "component": "Performance"
}
2025-12-19 12:45:15:4515 [DEBUG] [ReqID: f7fa2e90-000e-4146-8cc8-e01ff66abb01] GET /api/history: Request received
  Meta: {
  "ip": "::1",
  "userAgent": "Mozilla/5.0 (Windows NT 10.0; Win64; x64) AppleWebKit/537.36 (KHTML, like Gecko) Chrome/143.0.0.0 Safari/537.36"
}
2025-12-19 12:45:15:4515 [DEBUG] [ReqID: 325c559a-a276-4510-a679-eddb9c77367a] GET /api/preferences: Request received
  Meta: {
  "ip": "::1",
  "userAgent": "Mozilla/5.0 (Windows NT 10.0; Win64; x64) AppleWebKit/537.36 (KHTML, like Gecko) Chrome/143.0.0.0 Safari/537.36"
}
2025-12-19 12:45:15:4515 [DEBUG] [ReqID: f7fa2e90-000e-4146-8cc8-e01ff66abb01] [User: 68961b4fc7e5c3023e040ae7]: Fetching trip history
2025-12-19 12:45:15:4515 [INFO] [ReqID: f7fa2e90-000e-4146-8cc8-e01ff66abb01] [User: 68961b4fc7e5c3023e040ae7]: Trip history fetched
  Meta: {
  "tripCount": 0
}
2025-12-19 12:45:15:4515 [HTTP] [ReqID: f7fa2e90-000e-4146-8cc8-e01ff66abb01] [User: 68961b4fc7e5c3023e040ae7] GET /api/history - Status: 304 - 15ms: HTTP Request
  Meta: {
  "ip": "::1",
  "userAgent": "Mozilla/5.0 (Windows NT 10.0; Win64; x64) AppleWebKit/537.36 (KHTML, like Gecko) Chrome/143.0.0.0 Safari/537.36"
}
2025-12-19 12:45:15:4515 [DEBUG] GET /api/history - Status: 304: Performance: GET-/api/history-f7fa2e90-000e-4146-8cc8-e01ff66abb01
  Meta: {
  "duration": 15,
  "memoryUsed": "0.73MB",
  "component": "Performance"
}
2025-12-19 12:45:15:4515 [HTTP] [ReqID: 325c559a-a276-4510-a679-eddb9c77367a] [User: 68961b4fc7e5c3023e040ae7] GET /api/preferences - Status: 304 - 15ms: HTTP Request
  Meta: {
  "ip": "::1",
  "userAgent": "Mozilla/5.0 (Windows NT 10.0; Win64; x64) AppleWebKit/537.36 (KHTML, like Gecko) Chrome/143.0.0.0 Safari/537.36"
}
2025-12-19 12:45:15:4515 [DEBUG] GET /api/preferences - Status: 304: Performance: GET-/api/preferences-325c559a-a276-4510-a679-eddb9c77367a
  Meta: {
  "duration": 16,
  "memoryUsed": "0.80MB",
  "component": "Performance"
}
2025-12-19 12:45:15:4515 [DEBUG] [ReqID: 63a67e2e-0d8c-4839-a68a-519f616dbc9c] GET /api/preferences: Request received
  Meta: {
  "ip": "::1",
  "userAgent": "Mozilla/5.0 (Windows NT 10.0; Win64; x64) AppleWebKit/537.36 (KHTML, like Gecko) Chrome/143.0.0.0 Safari/537.36"
}
2025-12-19 12:45:15:4515 [WARN]: High memory usage detected
  Meta: {
  "heapUsed": "31.15MB",
  "heapTotal": "38.82MB",
  "percentage": "80.24%"
}
2025-12-19 12:45:15:4515 [HTTP] [ReqID: 63a67e2e-0d8c-4839-a68a-519f616dbc9c] [User: 68961b4fc7e5c3023e040ae7] GET /api/preferences - Status: 304 - 12ms: HTTP Request
  Meta: {
  "ip": "::1",
  "userAgent": "Mozilla/5.0 (Windows NT 10.0; Win64; x64) AppleWebKit/537.36 (KHTML, like Gecko) Chrome/143.0.0.0 Safari/537.36"
}
2025-12-19 12:45:15:4515 [DEBUG] GET /api/preferences - Status: 304: Performance: GET-/api/preferences-63a67e2e-0d8c-4839-a68a-519f616dbc9c
  Meta: {
  "duration": 13,
  "memoryUsed": "0.44MB",
  "component": "Performance"
}
2025-12-19 12:45:15:4515 [DEBUG] [ReqID: c0561922-69be-486a-907a-3e23cca59340] GET /api/preferences: Request received
  Meta: {
  "ip": "::1",
  "userAgent": "Mozilla/5.0 (Windows NT 10.0; Win64; x64) AppleWebKit/537.36 (KHTML, like Gecko) Chrome/143.0.0.0 Safari/537.36"
}
2025-12-19 12:45:15:4515 [WARN]: High memory usage detected
  Meta: {
  "heapUsed": "31.63MB",
  "heapTotal": "38.82MB",
  "percentage": "81.46%"
}
2025-12-19 12:45:15:4515 [HTTP] [ReqID: c0561922-69be-486a-907a-3e23cca59340] [User: 68961b4fc7e5c3023e040ae7] GET /api/preferences - Status: 304 - 9ms: HTTP Request
  Meta: {
  "ip": "::1",
  "userAgent": "Mozilla/5.0 (Windows NT 10.0; Win64; x64) AppleWebKit/537.36 (KHTML, like Gecko) Chrome/143.0.0.0 Safari/537.36"
}
2025-12-19 12:45:15:4515 [DEBUG] GET /api/preferences - Status: 304: Performance: GET-/api/preferences-c0561922-69be-486a-907a-3e23cca59340
  Meta: {
  "duration": 10,
  "memoryUsed": "-0.88MB",
  "component": "Performance"
}
2025-12-19 12:45:15:4515 [HTTP] [ReqID: ace9a9c1-5471-437a-9509-9fb8b52b01ae] [User: 68961b4fc7e5c3023e040ae7] GET /api/weather?lat=28.6139&lon=77.209 - Status: 304 - 96ms: HTTP Request
  Meta: {
  "ip": "::1",
  "userAgent": "Mozilla/5.0 (Windows NT 10.0; Win64; x64) AppleWebKit/537.36 (KHTML, like Gecko) Chrome/143.0.0.0 Safari/537.36"
}
2025-12-19 12:45:15:4515 [DEBUG] GET /api/weather?lat=28.6139&lon=77.209 - Status: 304: Performance: GET-/api/weather?lat=28.6139&lon=77.209-ace9a9c1-5471-437a-9509-9fb8b52b01ae
  Meta: {
  "duration": 97,
  "memoryUsed": "-2.82MB",
  "component": "Performance"
}
